<?xml version="1.0" encoding="UTF-8"?>
<testng-results skipped="0" failed="0" ignored="0" total="1" passed="1">
  <reporter-output>
  </reporter-output>
  <suite name="Default suite" duration-ms="108810" started-at="2020-12-03T08:55:29 IST" finished-at="2020-12-03T08:57:17 IST">
    <groups>
    </groups>
    <test name="Default test" duration-ms="108810" started-at="2020-12-03T08:55:29 IST" finished-at="2020-12-03T08:57:17 IST">
      <class name="reports.ReportUtils">
        <test-method status="PASS" signature="loadClasses()[pri:0, instance:reports.ReportUtils@704a52ec]" name="loadClasses" is-config="true" duration-ms="43" started-at="2020-12-03T08:55:29 IST" finished-at="2020-12-03T08:55:29 IST">
          <reporter-output>
          </reporter-output>
        </test-method> <!-- loadClasses -->
        <test-method status="PASS" signature="executeTests()[pri:0, instance:reports.ReportUtils@704a52ec]" name="executeTests" duration-ms="108730" started-at="2020-12-03T08:55:29 IST" finished-at="2020-12-03T08:57:17 IST">
          <reporter-output>
          </reporter-output>
        </test-method> <!-- executeTests -->
      </class> <!-- reports.ReportUtils -->
    </test> <!-- Default test -->
  </suite> <!-- Default suite -->
</testng-results>
